<?xml version="1.0" encoding="UTF-8"?>
<testsuite name="org.example.GerenciadorDeTarefasTests" tests="9" skipped="0" failures="0" errors="0" timestamp="2023-08-21T22:54:35" hostname="DESKTOP-4T49314" time="0.053">
  <properties/>
  <testcase name="testDefinirPrioridadeAlta()" classname="org.example.GerenciadorDeTarefasTests" time="0.03"/>
  <testcase name="testCriarNovaTarefa()" classname="org.example.GerenciadorDeTarefasTests" time="0.002"/>
  <testcase name="testUpdateDescricao()" classname="org.example.GerenciadorDeTarefasTests" time="0.001"/>
  <testcase name="testUpdateTitulo()" classname="org.example.GerenciadorDeTarefasTests" time="0.002"/>
  <testcase name="testDeleteTarefa()" classname="org.example.GerenciadorDeTarefasTests" time="0.002"/>
  <testcase name="testDefinirPrioridadeBaixa()" classname="org.example.GerenciadorDeTarefasTests" time="0.002"/>
  <testcase name="testDefinirPrioridadeMedia()" classname="org.example.GerenciadorDeTarefasTests" time="0.002"/>
  <testcase name="testUpdateDataDeVencimento()" classname="org.example.GerenciadorDeTarefasTests" time="0.002"/>
  <testcase name="testGetAllTarefas()" classname="org.example.GerenciadorDeTarefasTests" time="0.0"/>
  <system-out><![CDATA[]]></system-out>
  <system-err><![CDATA[]]></system-err>
</testsuite>
