<?xml version="1.0" encoding="UTF-8"?>
<testsuite name="org.example.GerenciadorDeTarefasTests" tests="1" skipped="0" failures="0" errors="0" timestamp="2023-08-17T12:44:26" hostname="DESKTOP-4T49314" time="0.049">
  <properties/>
  <testcase name="testCriarNovaTarefa()" classname="org.example.GerenciadorDeTarefasTests" time="0.049"/>
  <system-out><![CDATA[]]></system-out>
  <system-err><![CDATA[]]></system-err>
</testsuite>
