<?xml version="1.0" encoding="UTF-8"?>
<testsuite name="org.example.GerenciadorDeTarefasTests" tests="7" skipped="0" failures="0" errors="0" timestamp="2023-09-09T06:24:07" hostname="DESKTOP-4T49314" time="0.188">
  <properties/>
  <testcase name="testDeleteTarefaValida()" classname="org.example.GerenciadorDeTarefasTests" time="0.122"/>
  <testcase name="testUpdateTarefaValida()" classname="org.example.GerenciadorDeTarefasTests" time="0.008"/>
  <testcase name="testDeleteTarefaInexistente()" classname="org.example.GerenciadorDeTarefasTests" time="0.008"/>
  <testcase name="testCriarTarefaJaExistente()" classname="org.example.GerenciadorDeTarefasTests" time="0.006"/>
  <testcase name="testCriarNovaTarefaValida()" classname="org.example.GerenciadorDeTarefasTests" time="0.007"/>
  <testcase name="testUpdateTarefaInexistente()" classname="org.example.GerenciadorDeTarefasTests" time="0.003"/>
  <testcase name="testGetAllTarefas()" classname="org.example.GerenciadorDeTarefasTests" time="0.004"/>
  <system-out><![CDATA[]]></system-out>
  <system-err><![CDATA[]]></system-err>
</testsuite>
