<?xml version="1.0" encoding="UTF-8"?>
<testsuite name="org.example.TarefaTests" tests="36" skipped="0" failures="0" errors="0" timestamp="2023-09-09T06:24:07" hostname="DESKTOP-4T49314" time="0.186">
  <properties/>
  <testcase name="testCriarTarefaComDataNull()" classname="org.example.TarefaTests" time="0.004"/>
  <testcase name="testUpdateTitulo1Char()" classname="org.example.TarefaTests" time="0.004"/>
  <testcase name="testUpdateTituloVazio()" classname="org.example.TarefaTests" time="0.004"/>
  <testcase name="testUpdateDescricaoExcedente()" classname="org.example.TarefaTests" time="0.003"/>
  <testcase name="testUpdateTituloMaximo()" classname="org.example.TarefaTests" time="0.009"/>
  <testcase name="testCriarTarefaComDescricaoMaxima()" classname="org.example.TarefaTests" time="0.003"/>
  <testcase name="testCriarTarefaComDescricaoNull()" classname="org.example.TarefaTests" time="0.004"/>
  <testcase name="testUpdateTituloExcedente()" classname="org.example.TarefaTests" time="0.003"/>
  <testcase name="testUpdateDataYesterday()" classname="org.example.TarefaTests" time="0.003"/>
  <testcase name="testCriarTarefaComPrioridadeBaixa()" classname="org.example.TarefaTests" time="0.003"/>
  <testcase name="testUpdateDescricaoBase()" classname="org.example.TarefaTests" time="0.002"/>
  <testcase name="testUpdateDescricaoNull()" classname="org.example.TarefaTests" time="0.002"/>
  <testcase name="testUpdatePrioridadeAlta()" classname="org.example.TarefaTests" time="0.002"/>
  <testcase name="testUpdatePrioridadeNull()" classname="org.example.TarefaTests" time="0.002"/>
  <testcase name="testCriarTarefaComPrioridadeAlta()" classname="org.example.TarefaTests" time="0.003"/>
  <testcase name="testCriarTarefaComPrioridadeNull()" classname="org.example.TarefaTests" time="0.003"/>
  <testcase name="testCriarTarefaComTituloNull()" classname="org.example.TarefaTests" time="0.003"/>
  <testcase name="testCriarTarefaComTitulo1Char()" classname="org.example.TarefaTests" time="0.002"/>
  <testcase name="testCriarTarefaComTituloVazio()" classname="org.example.TarefaTests" time="0.002"/>
  <testcase name="testUpdateTituloBase()" classname="org.example.TarefaTests" time="0.003"/>
  <testcase name="testUpdateTituloNull()" classname="org.example.TarefaTests" time="0.002"/>
  <testcase name="testCriarTarefaComDescricaoExcedente()" classname="org.example.TarefaTests" time="0.002"/>
  <testcase name="testCriarTarefaComDataPraHoje()" classname="org.example.TarefaTests" time="0.002"/>
  <testcase name="testCriarTarefaComDataPraOntem()" classname="org.example.TarefaTests" time="0.002"/>
  <testcase name="testUpdateDataToday()" classname="org.example.TarefaTests" time="0.001"/>
  <testcase name="testUpdateDescricao1Char()" classname="org.example.TarefaTests" time="0.002"/>
  <testcase name="testCriarTarefaComTituloExcedente()" classname="org.example.TarefaTests" time="0.002"/>
  <testcase name="testUpdateDescricaoVazio()" classname="org.example.TarefaTests" time="0.004"/>
  <testcase name="testCriarTarefaComDescricao1Char()" classname="org.example.TarefaTests" time="0.002"/>
  <testcase name="testCriarTarefaComDescricaoVazia()" classname="org.example.TarefaTests" time="0.003"/>
  <testcase name="testUpdateDescricaoMaxima()" classname="org.example.TarefaTests" time="0.002"/>
  <testcase name="testUpdateDataBase()" classname="org.example.TarefaTests" time="0.003"/>
  <testcase name="testUpdateDataNull()" classname="org.example.TarefaTests" time="0.002"/>
  <testcase name="testUpdatePrioridadeBaixa()" classname="org.example.TarefaTests" time="0.002"/>
  <testcase name="testUpdatePrioridadeMedia()" classname="org.example.TarefaTests" time="0.003"/>
  <testcase name="testCriarTarefaComTituloMaximo()" classname="org.example.TarefaTests" time="0.002"/>
  <system-out><![CDATA[]]></system-out>
  <system-err><![CDATA[]]></system-err>
</testsuite>
